\BOOKMARK [0][-]{chapter*.2}{\376\377\000B\000e\000v\000e\000z\000e\000t\000\351\000s}{}% 1
\BOOKMARK [0][-]{chapter.1}{\376\377\0001\000.\000\040\000A\000z\000\040\000a\000l\000k\000a\000l\000m\000a\000z\000\341\000s\000\040\000b\000e\000m\000u\000t\000a\000t\000\341\000s\000a}{}% 2
\BOOKMARK [1][-]{section.1.1}{\376\377\0001\000.\0001\000.\000\040\000W\000e\000b\000e\000s\000\040\000a\000l\000k\000a\000l\000m\000a\000z\000\341\000s}{chapter.1}% 3
\BOOKMARK [1][-]{section.1.2}{\376\377\0001\000.\0002\000.\000\040\000A\000n\000d\000r\000o\000i\000d\000o\000s\000\040\000a\000l\000k\000a\000l\000m\000a\000z\000\341\000s}{chapter.1}% 4
\BOOKMARK [0][-]{chapter.2}{\376\377\0002\000.\000\040\000F\000e\000j\000l\000e\000s\000z\000t\001\121\000i\000\040\000k\000\366\000r\000n\000y\000e\000z\000e\000t}{}% 5
\BOOKMARK [1][-]{section.2.1}{\376\377\0002\000.\0001\000.\000\040\000W\000e\000b\000\040\000s\000z\000e\000r\000v\000e\000r}{chapter.2}% 6
\BOOKMARK [1][-]{section.2.2}{\376\377\0002\000.\0002\000.\000\040\000K\000\363\000d\000\040\000s\000z\000e\000r\000k\000e\000s\000z\000t\001\121}{chapter.2}% 7
\BOOKMARK [1][-]{section.2.3}{\376\377\0002\000.\0003\000.\000\040\000A\000n\000d\000r\000o\000i\000d\000\040\000a\000l\000k\000a\000l\000m\000a\000z\000\341\000s\000h\000o\000z\000\040\000A\000d\000r\000o\000i\000d\000\040\000S\000t\000u\000d\000i\000o}{chapter.2}% 8
\BOOKMARK [1][-]{section.2.4}{\376\377\0002\000.\0004\000.\000\040\000P\000o\000s\000t\000m\000a\000n\000\040\000a\000\040\000R\000E\000S\000T\000\040\000A\000P\000I\000-\000h\000o\000z}{chapter.2}% 9
\BOOKMARK [0][-]{chapter.3}{\376\377\0003\000.\000\040\000A\000z\000\040\000a\000l\000k\000a\000l\000m\000a\000z\000\341\000s\000\040\000f\000e\000l\000\351\000p\000\355\000t\000\351\000s\000e}{}% 10
\BOOKMARK [1][-]{section.3.1}{\376\377\0003\000.\0001\000.\000\040\000M\000i\000\351\000r\000t\000\040\000P\000H\000P\000\040\000\351\000s\000\040\000L\000a\000r\000a\000v\000e\000l\000?}{chapter.3}% 11
\BOOKMARK [1][-]{section.3.2}{\376\377\0003\000.\0002\000.\000\040\000S\000a\000s\000s\000\040\000\351\000s\000\040\000C\000S\000S}{chapter.3}% 12
\BOOKMARK [1][-]{section.3.3}{\376\377\0003\000.\0003\000.\000\040\000B\000o\000o\000t\000s\000t\000r\000a\000p}{chapter.3}% 13
\BOOKMARK [1][-]{section.3.4}{\376\377\0003\000.\0004\000.\000\040\000M\000a\000r\000i\000a\000D\000B\000,\000\040\000m\000i\000n\000t\000\040\000a\000d\000a\000t\000b\000\341\000z\000i\000s}{chapter.3}% 14
\BOOKMARK [1][-]{section.3.5}{\376\377\0003\000.\0005\000.\000\040\000J\000a\000v\000a}{chapter.3}% 15
\BOOKMARK [0][-]{chapter.4}{\376\377\0004\000.\000\040\000W\000e\000b\000e\000s\000\040\000a\000l\000k\000a\000l\000m\000a\000z\000\341\000s}{}% 16
\BOOKMARK [1][-]{section.4.1}{\376\377\0004\000.\0001\000.\000\040\000M\000i\000g\000r\000\341\000c\000i\000\363}{chapter.4}% 17
\BOOKMARK [2][-]{subsection.4.1.1}{\376\377\0004\000.\0001\000.\0001\000.\000\040\000\301\000l\000t\000a\000l\000\341\000n\000o\000s\000\040\000i\000n\000f\000o\000r\000m\000\341\000c\000i\000\363\000k}{section.4.1}% 18
\BOOKMARK [2][-]{subsection.4.1.2}{\376\377\0004\000.\0001\000.\0002\000.\000\040\000M\000i\000g\000r\000\341\000c\000i\000\363\000\040\000a\000\040\000f\000e\000l\000h\000a\000s\000z\000n\000\341\000l\000\363\000h\000o\000z}{section.4.1}% 19
\BOOKMARK [2][-]{subsection.4.1.3}{\376\377\0004\000.\0001\000.\0003\000.\000\040\000M\000i\000g\000r\000\341\000c\000i\000\363\000\040\000a\000z\000\040\000e\000s\000e\000m\000\351\000n\000y\000h\000e\000z}{section.4.1}% 20
\BOOKMARK [1][-]{section.4.2}{\376\377\0004\000.\0002\000.\000\040\000M\000o\000d\000e\000l\000l\000e\000k}{chapter.4}% 21
\BOOKMARK [2][-]{subsection.4.2.1}{\376\377\0004\000.\0002\000.\0001\000.\000\040\000F\000e\000l\000h\000a\000s\000z\000n\000\341\000l\000\363\000i\000\040\000m\000o\000d\000e\000l\000l}{section.4.2}% 22
\BOOKMARK [2][-]{subsection.4.2.2}{\376\377\0004\000.\0002\000.\0002\000.\000\040\000E\000s\000e\000m\000\351\000n\000y\000\040\000m\000o\000d\000e\000l\000l}{section.4.2}% 23
\BOOKMARK [2][-]{subsection.4.2.3}{\376\377\0004\000.\0002\000.\0003\000.\000\040\000E\000l\000o\000q\000u\000e\000n\000t\000\040\000O\000R\000M}{section.4.2}% 24
\BOOKMARK [1][-]{section.4.3}{\376\377\0004\000.\0003\000.\000\040\000K\000o\000n\000t\000r\000o\000l\000l\000e\000r\000e\000k}{chapter.4}% 25
\BOOKMARK [2][-]{subsection.4.3.1}{\376\377\0004\000.\0003\000.\0001\000.\000\040\000R\000e\000g\000i\000s\000z\000t\000r\000\341\000c\000i\000\363\000\040\000k\000o\000n\000t\000r\000o\000l\000l\000e\000r}{section.4.3}% 26
\BOOKMARK [2][-]{subsection.4.3.2}{\376\377\0004\000.\0003\000.\0002\000.\000\040\000B\000e\000j\000e\000l\000e\000n\000t\000k\000e\000z\000\351\000s\000h\000e\000z\000\040\000h\000a\000s\000z\000n\000\341\000l\000t\000\040\000k\000o\000n\000t\000r\000o\000l\000l\000e\000r}{section.4.3}% 27
\BOOKMARK [2][-]{subsection.4.3.3}{\376\377\0004\000.\0003\000.\0003\000.\000\040\000K\000i\000j\000e\000l\000e\000n\000t\000k\000e\000z\000t\000e\000t\000\351\000s\000t\000\040\000v\000\351\000g\000z\001\121\000\040\000k\000o\000n\000t\000r\000o\000l\000l\000e\000r}{section.4.3}% 28
\BOOKMARK [2][-]{subsection.4.3.4}{\376\377\0004\000.\0003\000.\0004\000.\000\040\000A\000\040\000f\000e\000l\000h\000a\000s\000z\000n\000\341\000l\000\363\000h\000o\000z\000\040\000t\000a\000r\000t\000o\000z\000\363\000\040\000C\000R\000U\000D\000\040\000k\000o\000n\000t\000r\000o\000l\000l\000e\000r}{section.4.3}% 29
\BOOKMARK [2][-]{subsection.4.3.5}{\376\377\0004\000.\0003\000.\0005\000.\000\040\000E\000s\000e\000m\000\351\000n\000y\000\040\000k\000o\000n\000t\000r\000o\000l\000l\000e\000r\000\040\000\351\000s\000\040\000C\000R\000U\000D\000\040\000m\001\161\000v\000e\000l\000e\000t\000e\000k}{section.4.3}% 30
\BOOKMARK [0][-]{chapter*.3}{\376\377\000\326\000s\000s\000z\000e\000g\000z\000\351\000s}{}% 31
\BOOKMARK [0][-]{chapter*.4}{\376\377\000I\000r\000o\000d\000a\000l\000o\000m\000j\000e\000g\000y\000z\000\351\000k}{}% 32
